2021-03-08 21:05:02,618 INFO  [main] com.integration.Application : Starting Application v1.0-SNAPSHOT on LNAR-5CD9051V6X with PID 38108 (C:\Users\asunder\OneDrive - Capgemini\server-root\bin\emx-sync-app.jar started by asunder in C:\Users\asunder\OneDrive - Capgemini\server-root)
2021-03-08 21:05:02,634 INFO  [main] com.integration.Application : The following profiles are active: sync-qa
2021-03-08 21:05:02,719 INFO  [main] org.springframework.boot.web.servlet.context.AnnotationConfigServletWebServerApplicationContext : Refreshing org.springframework.boot.web.servlet.context.AnnotationConfigServletWebServerApplicationContext@771a660: startup date [Mon Mar 08 21:05:02 IST 2021]; root of context hierarchy
2021-03-08 21:05:04,592 INFO  [main] org.springframework.beans.factory.support.DefaultListableBeanFactory : Overriding bean definition for bean 'rabbitTemplate' with a different definition: replacing [Root bean: class [null]; scope=; abstract=false; lazyInit=false; autowireMode=3; dependencyCheck=0; autowireCandidate=true; primary=false; factoryBeanName=rabbitMQConfig; factoryMethodName=rabbitTemplate; initMethodName=null; destroyMethodName=(inferred); defined in class path resource [com/integration/configuration/RabbitMQConfig.class]] with [Root bean: class [null]; scope=; abstract=false; lazyInit=false; autowireMode=3; dependencyCheck=0; autowireCandidate=true; primary=false; factoryBeanName=org.springframework.boot.autoconfigure.amqp.RabbitAutoConfiguration$RabbitTemplateConfiguration; factoryMethodName=rabbitTemplate; initMethodName=null; destroyMethodName=(inferred); defined in class path resource [org/springframework/boot/autoconfigure/amqp/RabbitAutoConfiguration$RabbitTemplateConfiguration.class]]
2021-03-08 21:05:05,225 INFO  [main] org.springframework.context.support.PostProcessorRegistrationDelegate$BeanPostProcessorChecker : Bean 'org.springframework.amqp.rabbit.annotation.RabbitBootstrapConfiguration' of type [org.springframework.amqp.rabbit.annotation.RabbitBootstrapConfiguration$$EnhancerBySpringCGLIB$$863af2e6] is not eligible for getting processed by all BeanPostProcessors (for example: not eligible for auto-proxying)
2021-03-08 21:05:05,394 INFO  [main] org.springframework.context.support.PostProcessorRegistrationDelegate$BeanPostProcessorChecker : Bean 'org.springframework.transaction.annotation.ProxyTransactionManagementConfiguration' of type [org.springframework.transaction.annotation.ProxyTransactionManagementConfiguration$$EnhancerBySpringCGLIB$$bfcf34b8] is not eligible for getting processed by all BeanPostProcessors (for example: not eligible for auto-proxying)
2021-03-08 21:05:07,277 INFO  [main] org.springframework.boot.web.embedded.tomcat.TomcatWebServer : Tomcat initialized with port(s): 8091 (http)
2021-03-08 21:05:07,329 INFO  [main] org.apache.catalina.core.StandardService : Starting service [Tomcat]
2021-03-08 21:05:07,329 INFO  [main] org.apache.catalina.core.StandardEngine : Starting Servlet Engine: Apache Tomcat/8.5.29
2021-03-08 21:05:07,344 INFO  [localhost-startStop-1] org.apache.catalina.core.AprLifecycleListener : The APR based Apache Tomcat Native library which allows optimal performance in production environments was not found on the java.library.path: [C:\Program Files\Java\jdk-11.0.10\bin;C:\WINDOWS\Sun\Java\bin;C:\WINDOWS\system32;C:\WINDOWS;C:\Program Files\Java\jdk-11.0.10\bin;C:\ProgramData\Habitat;C:\Program Files\Common Files\Oracle\Java\javapath;C:\Program Files (x86)\Common Files\Oracle\Java\javapath;C:\WINDOWS\system32;C:\WINDOWS;C:\WINDOWS\System32\Wbem;C:\WINDOWS\System32\WindowsPowerShell\v1.0\;C:\WINDOWS\System32\OpenSSH\;C:\Program Files\Amazon\AWSCLI\bin\;C:\Program Files\Docker\Docker\resources\bin;C:\ProgramData\DockerDesktop\version-bin;C:\Program Files\nodejs\;C:\ProgramData\chocolatey\bin;C:\opscode\chef-workstation\bin\;C:\Program Files\Cloud Foundry;C:\WINDOWS\system32;C:\WINDOWS;C:\WINDOWS\System32\Wbem;C:\WINDOWS\System32\WindowsPowerShell\v1.0\;C:\WINDOWS\System32\OpenSSH\;C:\Program Files\Java\jdk-11.0.10\bin;C:\Users\asunder\AppData\Local\Programs\Microsoft VS Code\bin;.]
2021-03-08 21:05:07,536 INFO  [localhost-startStop-1] org.apache.catalina.core.ContainerBase.[Tomcat].[localhost].[/] : Initializing Spring embedded WebApplicationContext
2021-03-08 21:05:07,551 INFO  [localhost-startStop-1] org.springframework.web.context.ContextLoader : Root WebApplicationContext: initialization completed in 4832 ms
2021-03-08 21:05:08,131 INFO  [localhost-startStop-1] org.springframework.boot.web.servlet.ServletRegistrationBean : Servlet dispatcherServlet mapped to [/]
2021-03-08 21:05:08,131 INFO  [localhost-startStop-1] org.springframework.boot.web.servlet.ServletRegistrationBean : Servlet webServlet mapped to [/h2-console/*]
2021-03-08 21:05:08,131 INFO  [localhost-startStop-1] org.springframework.boot.web.servlet.FilterRegistrationBean : Mapping filter: 'characterEncodingFilter' to: [/*]
2021-03-08 21:05:08,131 INFO  [localhost-startStop-1] org.springframework.boot.web.servlet.FilterRegistrationBean : Mapping filter: 'hiddenHttpMethodFilter' to: [/*]
2021-03-08 21:05:08,131 INFO  [localhost-startStop-1] org.springframework.boot.web.servlet.FilterRegistrationBean : Mapping filter: 'httpPutFormContentFilter' to: [/*]
2021-03-08 21:05:08,131 INFO  [localhost-startStop-1] org.springframework.boot.web.servlet.FilterRegistrationBean : Mapping filter: 'requestContextFilter' to: [/*]
2021-03-08 21:05:08,146 INFO  [localhost-startStop-1] org.springframework.boot.web.servlet.FilterRegistrationBean : Mapping filter: 'logFilter' to: [/*]
2021-03-08 21:05:08,516 INFO  [main] com.zaxxer.hikari.HikariDataSource : HikariPool-1 - Starting...
